n=7, mode=2
(S(S(S(S(S(SS 0 
(S(S(S(S((SSS 0 
(S(S(S((SS(SS 0 
(S(S(S((S(SSS 0 
(S(S(S(((SSSS 1 (S(S(S((SS(SS
(S(S((SS(S(SS 0 
(S(S((SS((SSS 0 
(S(S((S(SS(SS 0 
(S(S((S(S(SSS 0 
(S(S((S((SSSS 0 
(S(S(((SSS(SS 1 (S(S((S(SS(S(SS
(S(S(((SS(SSS 1 (S(S((SS((SSS
(S(S(((S(SSSS 2 (S(S(((SSS(SS (S(S((S(SS(S(SS
(S(S((((SSSSS 2 (S(S(((SS(SSS (S(S((SS((SSS
(S((SS(S(S(SS 0 
(S((SS(S((SSS 0 
(S((SS((SS(SS 0 
(S((SS((S(SSS 0 
(S((SS(((SSSS 1 (S((SS((SS(SS
(S((S(SS(S(SS 0 
(S((S(SS((SSS 0 
(S((S(S(SS(SS 0 
(S((S(S(S(SSS 0 
(S((S(S((SSSS 0 
(S((S((SSS(SS 0 
(S((S((SS(SSS 0 
(S((S((S(SSSS 0 
(S((S(((SSSSS 1 (S((S((SS(SSS
(S(((SSS(S(SS 1 (S((S(S(SS(S(S(SS
(S(((SSS((SSS 1 (S((S((SSS(S((SSS
(S(((SS(SS(SS 1 (S((S(SS((SS(SS
(S(((SS(S(SSS 1 (S((SS((S(SSS
(S(((SS((SSSS 2 (S((SS(((SSSS (S((SS((SS(SS
(S(((S(SSS(SS 2 (S(((SS(SS(S(SS (S((S(S(SS((SS(S(SS
(S(((S(SS(SSS 2 (S(((SSS((SSS (S((S((SSS(S((SSS
(S(((S(S(SSSS 3 (S(((S(SSS(SS (S(((SS(SS(S(SS (S((S(S(SS((SS(S(SS
(S(((S((SSSSS 3 (S((((SSSS(SS (S(((SS(SS(SS (S((S(SS((SS(SS
(S((((SSSS(SS 2 (S(((SS(SS(SS (S((S(SS((SS(SS
(S((((SSS(SSS 3 (S(((S(SS(S(SSS (S(((SSS((S(SSS (S((S((S(SSS(S((S(SSS
(S((((SS(SSSS 3 (S(((SS((SSSS (S((SS(((SSSS (S((SS((SS(SS
(S((((S(SSSSS 4 (S((((SSS(SSS (S(((S(SS(S(SSS (S(((SSS((S(SSS (S((S((S(SSS(S((S(SSS
(S(((((SSSSSS 4 (S((((SS(SSSS (S(((SS((SSSS (S((SS(((SSSS (S((SS((SS(SS
((SS(S(S(S(SS 0 
((SS(S(S((SSS 0 
((SS(S((SS(SS 0 
((SS(S((S(SSS 0 
((SS(S(((SSSS 1 ((SS(S((SS(SS
((SS((SS(S(SS 0 
((SS((SS((SSS 0 
((SS((S(SS(SS 0 
((SS((S(S(SSS 0 
((SS((S((SSSS 0 
((SS(((SSS(SS 1 ((SS((S(SS(S(SS
((SS(((SS(SSS 1 ((SS((SS((SSS
((SS(((S(SSSS 2 ((SS(((SSS(SS ((SS((S(SS(S(SS
((SS((((SSSSS 2 ((SS(((SS(SSS ((SS((SS((SSS
((S(SS(S(S(SS 0 
((S(SS(S((SSS 0 
((S(SS((SS(SS 0 
((S(SS((S(SSS 0 
((S(SS(((SSSS 1 ((S(SS((SS(SS
((S(S(SS(S(SS 0 
((S(S(SS((SSS 0 
((S(S(S(SS(SS 0 
((S(S(S(S(SSS 0 
((S(S(S((SSSS 0 
((S(S((SSS(SS 0 
((S(S((SS(SSS 0 
((S(S((S(SSSS 0 
((S(S(((SSSSS 1 ((S(S((SS(SSS
((S((SSS(S(SS 0 
((S((SSS((SSS 0 
((S((SS(SS(SS 0 
((S((SS(S(SSS 0 
((S((SS((SSSS 0 
((S((S(SSS(SS 0 
((S((S(SS(SSS 0 
((S((S(S(SSSS 0 
((S((S((SSSSS 0 
((S(((SSSS(SS 1 ((S((SS(SS(SS
((S(((SSS(SSS 1 ((S((S(SS(S(SSS
((S(((SS(SSSS 1 ((S((SS((SSSS
((S(((S(SSSSS 2 ((S(((SSS(SSS ((S((S(SS(S(SSS
((S((((SSSSSS 2 ((S(((SS(SSSS ((S((SS((SSSS
(((SSS(S(S(SS 1 ((S(S(S(SS(S(S(S(SS
(((SSS(S((SSS 1 ((S(S((SSS(S(S((SSS
(((SSS((SS(SS 1 ((S((SS(SS(S((SS(SS
(((SSS((S(SSS 1 ((S((S(SSS(S((S(SSS
(((SSS(((SSSS 3 ((S(((SSSS(S(((SSSS ((S((SS(SS(S(((SSSS ((S((SS(SS(S((SS(SS
(((SS(SS(S(SS 1 ((S(S(SS((SS(S(SS
(((SS(SS((SSS 1 ((S((SSS((SS((SSS
(((SS(S(SS(SS 1 ((S(SS((S(SS(SS
(((SS(S(S(SSS 1 ((SS((S(S(SSS
(((SS(S((SSSS 1 ((SS((S((SSSS
(((SS((SSS(SS 2 ((S(SS(((SSS(SS ((S(SS((S(SS(S(SS
(((SS((SS(SSS 2 ((SS(((SS(SSS ((SS((SS((SSS
(((SS((S(SSSS 3 ((SS(((S(SSSS ((SS(((SSS(SS ((SS((S(SS(S(SS
(((SS(((SSSSS 3 ((SS((((SSSSS ((SS(((SS(SSS ((SS((SS((SSS
(((S(SSS(S(SS 2 (((SS(S(SS(S(S(SS ((S(S(S(SS((S(SS(S(S(SS
(((S(SSS((SSS 3 (((SS((SSS(S((SSS ((S(S((SSS(((SSS(S((SSS ((S(S((SSS((S(S((SSS(S(S((SSS
(((S(SS(SS(SS 2 (((SS(SS((SS(SS ((S((SS(SS((SS((SS(SS
(((S(SS(S(SSS 2 (((SSS((S(SSS ((S((S(SSS(S((S(SSS
(((S(SS((SSSS 4 (((SSS(((SSSS ((S(((SSSS(S(((SSSS ((S((SS(SS(S(((SSSS ((S((SS(SS(S((SS(SS
(((S(S(SSS(SS 3 (((S(SS(SS(S(SS (((SS(S(SS((SS(S(SS ((S((SS(S(SS((S(SS((SS(S(SS
(((S(S(SS(SSS 4 (((S(SSS((SSS (((SS((SSS(S((SSS ((S(S((SSS(((SSS(S((SSS ((S(S((SSS((S(S((SSS(S(S((SSS
(((S(S(S(SSSS 4 (((S(S(SSS(SS (((S(SS(SS(S(SS (((SS(S(SS((SS(S(SS ((S((SS(S(SS((S(SS((SS(S(SS
(((S(S((SSSSS 5 (((S((SSSS(SS ((((SSS(SS(S(SS (((S(SS(S(SS(S(SS (((SS(S(SS((S(SS(S(SS ((S((S(SS(S(SS((S(SS((S(SS(S(SS
(((S((SSSS(SS 4 ((((SSS(SS(S(SS (((S(SS(S(SS(S(SS (((SS(S(SS((S(SS(S(SS ((S((S(SS(S(SS((S(SS((S(SS(S(SS
(((S((SSS(SSS 3 ((((SSSS((SSS (((SS(SS((SSS ((S((SSS((SS((SSS
(((S((SS(SSSS 4 ((((SS(SSS(SS (((SS((SSS(SS ((S(SS(((SSS(SS ((S(SS((S(SS(S(SS
(((S((S(SSSSS 5 ((((S(SSSS(SS ((((SSS(SS(SS (((S(SS(S(SS(SS (((SS(SS((S(SS(SS ((S((S(SS(SS((SS((S(SS(SS
(((S(((SSSSSS 5 (((((SSSSS(SS ((((SS(SSS(SS (((SS((SSS(SS ((S(SS(((SSS(SS ((S(SS((S(SS(S(SS
((((SSSS(S(SS 2 (((SS(SS(S(SS ((S(S(SS((SS(S(SS
((((SSSS((SSS 2 (((SS(SS((SSS ((S((SSS((SS((SSS
((((SSS(SS(SS 3 (((S(SS(S(SS(SS (((SS(SS((S(SS(SS ((S((S(SS(SS((SS((S(SS(SS
((((SSS(S(SSS 7 (((S(S(SS(S(S(SSS (((S(SSS((S(S(SSS (((SS((S(S(SSS(S((S(S(SSS ((S(S((S(S(SSS(((S(S(SSS(S((S(S(SSS ((S(S((S(S(SSS(((S(SS(S((S(S(SSS(S(S((S(S(SSS ((S(S((S(S(SSS(((SS(S(S((S(S(SSS((S((S(S(SSS(S(S((S(S(SSS ((S(S((S(S(SSS((S((S((S(S(SSS(S(S((S(S(SSS((S(S((S(S(SSS((S((S(S(SSS(S(S((S(S(SSS
((((SSS((SSSS 4 (((S((SSS(S((SSSS ((((SSSS((S((SSSS (((SS(SS((S((SSSS ((S((S((SSSS((SS((S((SSSS
((((SS(SSS(SS 3 (((SS((SSS(SS ((S(SS(((SSS(SS ((S(SS((S(SS(S(SS
((((SS(SS(SSS 5 (((S(SS((SS(SSS (((SSS(((SS(SSS ((S(((SS(SSS(S(((SS(SSS ((S((SS((SSS(S(((SS(SSS ((S((SS((SSS(S((SS((SSS
((((SS(S(SSSS 4 (((SS((S(SSSS ((SS(((S(SSSS ((SS(((SSS(SS ((SS((S(SS(S(SS
((((SS((SSSSS 4 (((SS(((SSSSS ((SS((((SSSSS ((SS(((SS(SSS ((SS((SS((SSS
((((S(SSSS(SS 4 ((((SSS(SS(SS (((S(SS(S(SS(SS (((SS(SS((S(SS(SS ((S((S(SS(SS((SS((S(SS(SS
((((S(SSS(SSS 14 ((((SS(SS(S(SSS (((S(S(SS((SS(S(SSS (((S(SSS(((SS(S(SSS (((SS(((SS(S(SSS(S(((SS(S(SSS ((S(S(((SS(S(SSS((((SS(S(SSS(S(((SS(S(SSS ((S(S((SS((S(SSS((((SS(S(SSS(S(((SS(S(SSS ((S(S((SS((S(SSS(((SS((S(SSS(S(((SS(S(SSS ((S(S((SS((S(SSS((S(S(((SS(S(SSS(((S(SSS(S(((SS(S(SSS ((S(S((SS((S(SSS((S(S((SS((S(SSS(((S(SSS(S(((SS(S(SSS ((S(S((SS((S(SSS((S(S((SS((S(SSS(((SS(S(((SS(S(SSS(S(S(((SS(S(SSS ((S(S((SS((S(SSS((S(S((SS((S(SSS((S(S(S(((SS(S(SSS((S(((SS(S(SSS(S(S(((SS(S(SSS ((S(S((SS((S(SSS((S(S((SS((S(SSS((S(S(S((SS((S(SSS((S(((SS(S(SSS(S(S(((SS(S(SSS ((S(S((SS((S(SSS((S(S((SS((S(SSS((S(S(S((SS((S(SSS((S((SS((S(SSS(S(S(((SS(S(SSS ((S(S((SS((S(SSS((S(S((SS((S(SSS((S(S(S((SS((S(SSS((S((SS((S(SSS(S(S((SS((S(SSS
((((S(SS(SSSS 5 ((((SSS((SSSS (((S((SSS(S((SSSS ((((SSSS((S((SSSS (((SS(SS((S((SSSS ((S((S((SSSS((SS((S((SSSS
((((S(S(SSSSS 15 ((((S(SSS(SSS ((((SS(SS(S(SSS (((S(S(SS((SS(S(SSS (((S(SSS(((SS(S(SSS (((SS(((SS(S(SSS(S(((SS(S(SSS ((S(S(((SS(S(SSS((((SS(S(SSS(S(((SS(S(SSS ((S(S((SS((S(SSS((((SS(S(SSS(S(((SS(S(SSS ((S(S((SS((S(SSS(((SS((S(SSS(S(((SS(S(SSS ((S(S((SS((S(SSS((S(S(((SS(S(SSS(((S(SSS(S(((SS(S(SSS ((S(S((SS((S(SSS((S(S((SS((S(SSS(((S(SSS(S(((SS(S(SSS ((S(S((SS((S(SSS((S(S((SS((S(SSS(((SS(S(((SS(S(SSS(S(S(((SS(S(SSS ((S(S((SS((S(SSS((S(S((SS((S(SSS((S(S(S(((SS(S(SSS((S(((SS(S(SSS(S(S(((SS(S(SSS ((S(S((SS((S(SSS((S(S((SS((S(SSS((S(S(S((SS((S(SSS((S(((SS(S(SSS(S(S(((SS(S(SSS ((S(S((SS((S(SSS((S(S((SS((S(SSS((S(S(S((SS((S(SSS((S((SS((S(SSS(S(S(((SS(S(SSS ((S(S((SS((S(SSS((S(S((SS((S(SSS((S(S(S((SS((S(SSS((S((SS((S(SSS(S(S((SS((S(SSS
((((S((SSSSSS 7 (((((SSSS(SSS ((((SS(SS(SSS (((S(SS((SS(SSS (((SSS(((SS(SSS ((S(((SS(SSS(S(((SS(SSS ((S((SS((SSS(S(((SS(SSS ((S((SS((SSS(S((SS((SSS
(((((SSSSS(SS 4 ((((SS(SSS(SS (((SS((SSS(SS ((S(SS(((SSS(SS ((S(SS((S(SS(S(SS
(((((SSSS(SSS 6 ((((SS(SS(SSS (((S(SS((SS(SSS (((SSS(((SS(SSS ((S(((SS(SSS(S(((SS(SSS ((S((SS((SSS(S(((SS(SSS ((S((SS((SSS(S((SS((SSS
(((((SSS(SSSS 30 ((((S(SS(S(SSSS ((((SSS((S(SSSS (((S((S(SSS(S((S(SSSS ((((S(SSSS((S((S(SSSS ((((SSS(SS((S((S(SSSS (((S(SS(S(SS((S((S(SSSS (((SS((S((S(SSSS((S(SS((S((S(SSSS ((S((S(SS((S((S(SSSS(((S((S(SSSS((S(SS((S((S(SSSS ((S((S(SS((S((S(SSSS((((S(SSS((S(SS((S((S(SSSS(S((S(SS((S((S(SSSS ((S((S(SS((S((S(SSSS((((SS((S(SS((S((S(SSSS(S((S(SS((S((S(SSSS(S((S(SS((S((S(SSSS ((S((S(SS((S((S(SSSS(((S(S((S(SS((S((S(SSSS(((S(SS((S((S(SSSS(S((S(SS((S((S(SSSS(S((S(SS((S((S(SSSS ((S((S(SS((S((S(SSSS(((S((S(SS((S((S(SSSS(S((S(SS((S((S(SSSS((((S(SS((S((S(SSSS(S((S(SS((S((S(SSSS(S((S(SS((S((S(SSSS ((S((S(SS((S((S(SSSS((((S(SS((S((S(SSSS((((S(SS((S((S(SSSS(S((S(SS((S((S(SSSS(S((S(SS((S((S(SSSS((S((S(SS((S((S(SSSS((((S(SS((S((S(SSSS(S((S(SS((S((S(SSSS(S((S(SS((S((S(SSSS ((S((S(SS((S((S(SSSS((((SS((((S(SS((S((S(SSSS(S((S(SS((S((S(SSSS(S((S(SS((S((S(SSSS(((S((S(SSSS((((S(SS((S((S(SSSS(S((S(SS((S((S(SSSS(S((S(SS((S((S(SSSS((S((S(SS((S((S(SSSS((((S(SS((S((S(SSSS(S((S(SS((S((S(SSSS(S((S(SS((S((S(SSSS ((S((S(SS((S((S(SSSS(((S(((S((S(SSSS((((S(SS((S((S(SSSS(S((S(SS((S((S(SSSS(S((S(SS((S((S(SSSS(((((S(SS((S((S(SSSS(S((S(SS((S((S(SSSS(S((S(SS((S((S(SSSS(((S((S(SSSS((((S(SS((S((S(SSSS(S((S(SS((S((S(SSSS(S((S(SS((S((S(SSSS((S((S(SS((S((S(SSSS((((S(SS((S((S(SSSS(S((S(SS((S((S(SSSS(S((S(SS((S((S(SSSS ((S((S(SS((S((S(SSSS(((((S((S(SSSS((((S(SS((S((S(SSSS(S((S(SS((S((S(SSSS(S((S(SS((S((S(SSSS((S((S(SS((S((S(SSSS((((S(SS((S((S(SSSS(S((S(SS((S((S(SSSS(S((S(SS((S((S(SSSS((((((S(SS((S((S(SSSS(S((S(SS((S((S(SSSS(S((S(SS((S((S(SSSS(((S((S(SSSS((((S(SS((S((S(SSSS(S((S(SS((S((S(SSSS(S((S(SS((S((S(SSSS((S((S(SS((S((S(SSSS((((S(SS((S((S(SSSS(S((S(SS((S((S(SSSS(S((S(SS((S((S(SSSS ((S((S(SS((S((S(SSSS((((((S(SSS((((S(SS((S((S(SSSS(S((S(SS((S((S(SSSS(S((S(SS((S((S(SSSS(S((((S(SS((S((S(SSSS(S((S(SS((S((S(SSSS(S((S(SS((S((S(SSSS((S((S(SS((S((S(SSSS((((S(SS((S((S(SSSS(S((S(SS((S((S(SSSS(S((S(SS((S((S(SSSS((((((S(SS((S((S(SSSS(S((S(SS((S((S(SSSS(S((S(SS((S((S(SSSS(((S((S(SSSS((((S(SS((S((S(SSSS(S((S(SS((S((S(SSSS(S((S(SS((S((S(SSSS((S((S(SS((S((S(SSSS((((S(SS((S((S(SSSS(S((S(SS((S((S(SSSS(S((S(SS((S((S(SSSS ((S((S(SS((S((S(SSSS((((((SS((((S(SS((S((S(SSSS(S((S(SS((S((S(SSSS(S((S(SS((S((S(SSSS(S((((S(SS((S((S(SSSS(S((S(SS((S((S(SSSS(S((S(SS((S((S(SSSS(S((((S(SS((S((S(SSSS(S((S(SS((S((S(SSSS(S((S(SS((S((S(SSSS((S((S(SS((S((S(SSSS((((S(SS((S((S(SSSS(S((S(SS((S((S(SSSS(S((S(SS((S((S(SSSS((((((S(SS((S((S(SSSS(S((S(SS((S((S(SSSS(S((S(SS((S((S(SSSS(((S((S(SSSS((((S(SS((S((S(SSSS(S((S(SS((S((S(SSSS(S((S(SS((S((S(SSSS((S((S(SS((S((S(SSSS((((S(SS((S((S(SSSS(S((S(SS((S((S(SSSS(S((S(SS((S((S(SSSS ((S((S(SS((S((S(SSSS(((((S(S((((S(SS((S((S(SSSS(S((S(SS((S((S(SSSS(S((S(SS((S((S(SSSS(((((S(SS((S((S(SSSS(S((S(SS((S((S(SSSS(S((S(SS((S((S(SSSS(S((((S(SS((S((S(SSSS(S((S(SS((S((S(SSSS(S((S(SS((S((S(SSSS(S((((S(SS((S((S(SSSS(S((S(SS((S((S(SSSS(S((S(SS((S((S(SSSS((S((S(SS((S((S(SSSS((((S(SS((S((S(SSSS(S((S(SS((S((S(SSSS(S((S(SS((S((S(SSSS((((((S(SS((S((S(SSSS(S((S(SS((S((S(SSSS(S((S(SS((S((S(SSSS(((S((S(SSSS((((S(SS((S((S(SSSS(S((S(SS((S((S(SSSS(S((S(SS((S((S(SSSS((S((S(SS((S((S(SSSS((((S(SS((S((S(SSSS(S((S(SS((S((S(SSSS(S((S(SS((S((S(SSSS ((S((S(SS((S((S(SSSS(((((S((((S(SS((S((S(SSSS(S((S(SS((S((S(SSSS(S((S(SS((S((S(SSSS(S((((S(SS((S((S(SSSS(S((S(SS((S((S(SSSS(S((S(SS((S((S(SSSS((((((S(SS((S((S(SSSS(S((S(SS((S((S(SSSS(S((S(SS((S((S(SSSS(S((((S(SS((S((S(SSSS(S((S(SS((S((S(SSSS(S((S(SS((S((S(SSSS(S((((S(SS((S((S(SSSS(S((S(SS((S((S(SSSS(S((S(SS((S((S(SSSS((S((S(SS((S((S(SSSS((((S(SS((S((S(SSSS(S((S(SS((S((S(SSSS(S((S(SS((S((S(SSSS((((((S(SS((S((S(SSSS(S((S(SS((S((S(SSSS(S((S(SS((S((S(SSSS(((S((S(SSSS((((S(SS((S((S(SSSS(S((S(SS((S((S(SSSS(S((S(SS((S((S(SSSS((S((S(SS((S((S(SSSS((((S(SS((S((S(SSSS(S((S(SS((S((S(SSSS(S((S(SS((S((S(SSSS ((S((S(SS((S((S(SSSS((((((((S(SS((S((S(SSSS(S((S(SS((S((S(SSSS(S((S(SS((S((S(SSSS((((((S(SS((S((S(SSSS(S((S(SS((S((S(SSSS(S((S(SS((S((S(SSSS(S((((S(SS((S((S(SSSS(S((S(SS((S((S(SSSS(S((S(SS((S((S(SSSS(S((((S(SS((S((S(SSSS(S((S(SS((S((S(SSSS(S((S(SS((S((S(SSSS((S((((S(SS((S((S(SSSS(S((S(SS((S((S(SSSS(S((S(SS((S((S(SSSS((((((S(SS((S((S(SSSS(S((S(SS((S((S(SSSS(S((S(SS((S((S(SSSS(S((((S(SS((S((S(SSSS(S((S(SS((S((S(SSSS(S((S(SS((S((S(SSSS(S((((S(SS((S((S(SSSS(S((S(SS((S((S(SSSS(S((S(SS((S((S(SSSS((S((S(SS((S((S(SSSS((((S(SS((S((S(SSSS(S((S(SS((S((S(SSSS(S((S(SS((S((S(SSSS((((((S(SS((S((S(SSSS(S((S(SS((S((S(SSSS(S((S(SS((S((S(SSSS(((S((S(SSSS((((S(SS((S((S(SSSS(S((S(SS((S((S(SSSS(S((S(SS((S((S(SSSS((S((S(SS((S((S(SSSS((((S(SS((S((S(SSSS(S((S(SS((S((S(SSSS(S((S(SS((S((S(SSSS ((S((S(SS((S((S(SSSS((((((((SS(S((S(SS((S((S(SSSS(((S((S(SSSS(S((S(SS((S((S(SSSS(S((S(SS((S((S(SSSS((((((S(SS((S((S(SSSS(S((S(SS((S((S(SSSS(S((S(SS((S((S(SSSS(S((((S(SS((S((S(SSSS(S((S(SS((S((S(SSSS(S((S(SS((S((S(SSSS(S((((S(SS((S((S(SSSS(S((S(SS((S((S(SSSS(S((S(SS((S((S(SSSS((S((((S(SS((S((S(SSSS(S((S(SS((S((S(SSSS(S((S(SS((S((S(SSSS((((((S(SS((S((S(SSSS(S((S(SS((S((S(SSSS(S((S(SS((S((S(SSSS(S((((S(SS((S((S(SSSS(S((S(SS((S((S(SSSS(S((S(SS((S((S(SSSS(S((((S(SS((S((S(SSSS(S((S(SS((S((S(SSSS(S((S(SS((S((S(SSSS((S((S(SS((S((S(SSSS((((S(SS((S((S(SSSS(S((S(SS((S((S(SSSS(S((S(SS((S((S(SSSS((((((S(SS((S((S(SSSS(S((S(SS((S((S(SSSS(S((S(SS((S((S(SSSS(((S((S(SSSS((((S(SS((S((S(SSSS(S((S(SS((S((S(SSSS(S((S(SS((S((S(SSSS((S((S(SS((S((S(SSSS((((S(SS((S((S(SSSS(S((S(SS((S((S(SSSS(S((S(SS((S((S(SSSS ((S((S(SS((S((S(SSSS(((((((S(((S((S(SSSS(S((S(SS((S((S(SSSS((S((S(SS((S((S(SSSS(((S((S(SSSS(S((S(SS((S((S(SSSS(S((S(SS((S((S(SSSS((((((S(SS((S((S(SSSS(S((S(SS((S((S(SSSS(S((S(SS((S((S(SSSS(S((((S(SS((S((S(SSSS(S((S(SS((S((S(SSSS(S((S(SS((S((S(SSSS(S((((S(SS((S((S(SSSS(S((S(SS((S((S(SSSS(S((S(SS((S((S(SSSS((S((((S(SS((S((S(SSSS(S((S(SS((S((S(SSSS(S((S(SS((S((S(SSSS((((((S(SS((S((S(SSSS(S((S(SS((S((S(SSSS(S((S(SS((S((S(SSSS(S((((S(SS((S((S(SSSS(S((S(SS((S((S(SSSS(S((S(SS((S((S(SSSS(S((((S(SS((S((S(SSSS(S((S(SS((S((S(SSSS(S((S(SS((S((S(SSSS((S((S(SS((S((S(SSSS((((S(SS((S((S(SSSS(S((S(SS((S((S(SSSS(S((S(SS((S((S(SSSS((((((S(SS((S((S(SSSS(S((S(SS((S((S(SSSS(S((S(SS((S((S(SSSS(((S((S(SSSS((((S(SS((S((S(SSSS(S((S(SS((S((S(SSSS(S((S(SS((S((S(SSSS((S((S(SS((S((S(SSSS((((S(SS((S((S(SSSS(S((S(SS((S((S(SSSS(S((S(SS((S((S(SSSS ((S((S(SS((S((S(SSSS(((((((((S((S(SSSS(S((S(SS((S((S(SSSS(S((S(SS((S((S(SSSS(((S((S(SS((S((S(SSSS(((S((S(SSSS(S((S(SS((S((S(SSSS(S((S(SS((S((S(SSSS((((((S(SS((S((S(SSSS(S((S(SS((S((S(SSSS(S((S(SS((S((S(SSSS(S((((S(SS((S((S(SSSS(S((S(SS((S((S(SSSS(S((S(SS((S((S(SSSS(S((((S(SS((S((S(SSSS(S((S(SS((S((S(SSSS(S((S(SS((S((S(SSSS((S((((S(SS((S((S(SSSS(S((S(SS((S((S(SSSS(S((S(SS((S((S(SSSS((((((S(SS((S((S(SSSS(S((S(SS((S((S(SSSS(S((S(SS((S((S(SSSS(S((((S(SS((S((S(SSSS(S((S(SS((S((S(SSSS(S((S(SS((S((S(SSSS(S((((S(SS((S((S(SSSS(S((S(SS((S((S(SSSS(S((S(SS((S((S(SSSS((S((S(SS((S((S(SSSS((((S(SS((S((S(SSSS(S((S(SS((S((S(SSSS(S((S(SS((S((S(SSSS((((((S(SS((S((S(SSSS(S((S(SS((S((S(SSSS(S((S(SS((S((S(SSSS(((S((S(SSSS((((S(SS((S((S(SSSS(S((S(SS((S((S(SSSS(S((S(SS((S((S(SSSS((S((S(SS((S((S(SSSS((((S(SS((S((S(SSSS(S((S(SS((S((S(SSSS(S((S(SS((S((S(SSSS ((S((S(SS((S((S(SSSS((((((((((S(SSS(S((S(SS((S((S(SSSS(S(S((S(SS((S((S(SSSS(S((S(SS((S((S(SSSS(((S((S(SS((S((S(SSSS(((S((S(SSSS(S((S(SS((S((S(SSSS(S((S(SS((S((S(SSSS((((((S(SS((S((S(SSSS(S((S(SS((S((S(SSSS(S((S(SS((S((S(SSSS(S((((S(SS((S((S(SSSS(S((S(SS((S((S(SSSS(S((S(SS((S((S(SSSS(S((((S(SS((S((S(SSSS(S((S(SS((S((S(SSSS(S((S(SS((S((S(SSSS((S((((S(SS((S((S(SSSS(S((S(SS((S((S(SSSS(S((S(SS((S((S(SSSS((((((S(SS((S((S(SSSS(S((S(SS((S((S(SSSS(S((S(SS((S((S(SSSS(S((((S(SS((S((S(SSSS(S((S(SS((S((S(SSSS(S((S(SS((S((S(SSSS(S((((S(SS((S((S(SSSS(S((S(SS((S((S(SSSS(S((S(SS((S((S(SSSS((S((S(SS((S((S(SSSS((((S(SS((S((S(SSSS(S((S(SS((S((S(SSSS(S((S(SS((S((S(SSSS((((((S(SS((S((S(SSSS(S((S(SS((S((S(SSSS(S((S(SS((S((S(SSSS(((S((S(SSSS((((S(SS((S((S(SSSS(S((S(SS((S((S(SSSS(S((S(SS((S((S(SSSS((S((S(SS((S((S(SSSS((((S(SS((S((S(SSSS(S((S(SS((S((S(SSSS(S((S(SS((S((S(SSSS ((S((S(SS((S((S(SSSS((((((((((SS(S((S(SS((S((S(SSSS(S(S((S(SS((S((S(SSSS(S(S((S(SS((S((S(SSSS(S((S(SS((S((S(SSSS(((S((S(SS((S((S(SSSS(((S((S(SSSS(S((S(SS((S((S(SSSS(S((S(SS((S((S(SSSS((((((S(SS((S((S(SSSS(S((S(SS((S((S(SSSS(S((S(SS((S((S(SSSS(S((((S(SS((S((S(SSSS(S((S(SS((S((S(SSSS(S((S(SS((S((S(SSSS(S((((S(SS((S((S(SSSS(S((S(SS((S((S(SSSS(S((S(SS((S((S(SSSS((S((((S(SS((S((S(SSSS(S((S(SS((S((S(SSSS(S((S(SS((S((S(SSSS((((((S(SS((S((S(SSSS(S((S(SS((S((S(SSSS(S((S(SS((S((S(SSSS(S((((S(SS((S((S(SSSS(S((S(SS((S((S(SSSS(S((S(SS((S((S(SSSS(S((((S(SS((S((S(SSSS(S((S(SS((S((S(SSSS(S((S(SS((S((S(SSSS((S((S(SS((S((S(SSSS((((S(SS((S((S(SSSS(S((S(SS((S((S(SSSS(S((S(SS((S((S(SSSS((((((S(SS((S((S(SSSS(S((S(SS((S((S(SSSS(S((S(SS((S((S(SSSS(((S((S(SSSS((((S(SS((S((S(SSSS(S((S(SS((S((S(SSSS(S((S(SS((S((S(SSSS((S((S(SS((S((S(SSSS((((S(SS((S((S(SSSS(S((S(SS((S((S(SSSS(S((S(SS((S((S(SSSS ((S((S(SS((S((S(SSSS(((((((((S(S(S((S(SS((S((S(SSSS((S((S(SS((S((S(SSSS(S(S((S(SS((S((S(SSSS(S(S((S(SS((S((S(SSSS(S((S(SS((S((S(SSSS(((S((S(SS((S((S(SSSS(((S((S(SSSS(S((S(SS((S((S(SSSS(S((S(SS((S((S(SSSS((((((S(SS((S((S(SSSS(S((S(SS((S((S(SSSS(S((S(SS((S((S(SSSS(S((((S(SS((S((S(SSSS(S((S(SS((S((S(SSSS(S((S(SS((S((S(SSSS(S((((S(SS((S((S(SSSS(S((S(SS((S((S(SSSS(S((S(SS((S((S(SSSS((S((((S(SS((S((S(SSSS(S((S(SS((S((S(SSSS(S((S(SS((S((S(SSSS((((((S(SS((S((S(SSSS(S((S(SS((S((S(SSSS(S((S(SS((S((S(SSSS(S((((S(SS((S((S(SSSS(S((S(SS((S((S(SSSS(S((S(SS((S((S(SSSS(S((((S(SS((S((S(SSSS(S((S(SS((S((S(SSSS(S((S(SS((S((S(SSSS((S((S(SS((S((S(SSSS((((S(SS((S((S(SSSS(S((S(SS((S((S(SSSS(S((S(SS((S((S(SSSS((((((S(SS((S((S(SSSS(S((S(SS((S((S(SSSS(S((S(SS((S((S(SSSS(((S((S(SSSS((((S(SS((S((S(SSSS(S((S(SS((S((S(SSSS(S((S(SS((S((S(SSSS((S((S(SS((S((S(SSSS((((S(SS((S((S(SSSS(S((S(SS((S((S(SSSS(S((S(SS((S((S(SSSS ((S((S(SS((S((S(SSSS(((((((((S(S((S(SS((S((S(SSSS(S(S((S(SS((S((S(SSSS(((S((S(SS((S((S(SSSS(S(S((S(SS((S((S(SSSS(S(S((S(SS((S((S(SSSS(S((S(SS((S((S(SSSS(((S((S(SS((S((S(SSSS(((S((S(SSSS(S((S(SS((S((S(SSSS(S((S(SS((S((S(SSSS((((((S(SS((S((S(SSSS(S((S(SS((S((S(SSSS(S((S(SS((S((S(SSSS(S((((S(SS((S((S(SSSS(S((S(SS((S((S(SSSS(S((S(SS((S((S(SSSS(S((((S(SS((S((S(SSSS(S((S(SS((S((S(SSSS(S((S(SS((S((S(SSSS((S((((S(SS((S((S(SSSS(S((S(SS((S((S(SSSS(S((S(SS((S((S(SSSS((((((S(SS((S((S(SSSS(S((S(SS((S((S(SSSS(S((S(SS((S((S(SSSS(S((((S(SS((S((S(SSSS(S((S(SS((S((S(SSSS(S((S(SS((S((S(SSSS(S((((S(SS((S((S(SSSS(S((S(SS((S((S(SSSS(S((S(SS((S((S(SSSS((S((S(SS((S((S(SSSS((((S(SS((S((S(SSSS(S((S(SS((S((S(SSSS(S((S(SS((S((S(SSSS((((((S(SS((S((S(SSSS(S((S(SS((S((S(SSSS(S((S(SS((S((S(SSSS(((S((S(SSSS((((S(SS((S((S(SSSS(S((S(SS((S((S(SSSS(S((S(SS((S((S(SSSS((S((S(SS((S((S(SSSS((((S(SS((S((S(SSSS(S((S(SS((S((S(SSSS(S((S(SS((S((S(SSSS ((S((S(SS((S((S(SSSS(((((((((S((S(SS((S((S(SSSS(((S((S(SS((S((S(SSSS(S(S((S(SS((S((S(SSSS(S(S((S(SS((S((S(SSSS((S(S((S(SS((S((S(SSSS(((S((S(SS((S((S(SSSS(S(S((S(SS((S((S(SSSS(S(S((S(SS((S((S(SSSS(S((S(SS((S((S(SSSS(((S((S(SS((S((S(SSSS(((S((S(SSSS(S((S(SS((S((S(SSSS(S((S(SS((S((S(SSSS((((((S(SS((S((S(SSSS(S((S(SS((S((S(SSSS(S((S(SS((S((S(SSSS(S((((S(SS((S((S(SSSS(S((S(SS((S((S(SSSS(S((S(SS((S((S(SSSS(S((((S(SS((S((S(SSSS(S((S(SS((S((S(SSSS(S((S(SS((S((S(SSSS((S((((S(SS((S((S(SSSS(S((S(SS((S((S(SSSS(S((S(SS((S((S(SSSS((((((S(SS((S((S(SSSS(S((S(SS((S((S(SSSS(S((S(SS((S((S(SSSS(S((((S(SS((S((S(SSSS(S((S(SS((S((S(SSSS(S((S(SS((S((S(SSSS(S((((S(SS((S((S(SSSS(S((S(SS((S((S(SSSS(S((S(SS((S((S(SSSS((S((S(SS((S((S(SSSS((((S(SS((S((S(SSSS(S((S(SS((S((S(SSSS(S((S(SS((S((S(SSSS((((((S(SS((S((S(SSSS(S((S(SS((S((S(SSSS(S((S(SS((S((S(SSSS(((S((S(SSSS((((S(SS((S((S(SSSS(S((S(SS((S((S(SSSS(S((S(SS((S((S(SSSS((S((S(SS((S((S(SSSS((((S(SS((S((S(SSSS(S((S(SS((S((S(SSSS(S((S(SS((S((S(SSSS ((S((S(SS((S((S(SSSS((((((((((S(SS((S((S(SSSS((S(S((S(SS((S((S(SSSS(((S((S(SS((S((S(SSSS(S(S((S(SS((S((S(SSSS(S(S((S(SS((S((S(SSSS((((S((S(SS((S((S(SSSS(S(S((S(SS((S((S(SSSS(S(S((S(SS((S((S(SSSS((S(S((S(SS((S((S(SSSS(((S((S(SS((S((S(SSSS(S(S((S(SS((S((S(SSSS(S(S((S(SS((S((S(SSSS(S((S(SS((S((S(SSSS(((S((S(SS((S((S(SSSS(((S((S(SSSS(S((S(SS((S((S(SSSS(S((S(SS((S((S(SSSS((((((S(SS((S((S(SSSS(S((S(SS((S((S(SSSS(S((S(SS((S((S(SSSS(S((((S(SS((S((S(SSSS(S((S(SS((S((S(SSSS(S((S(SS((S((S(SSSS(S((((S(SS((S((S(SSSS(S((S(SS((S((S(SSSS(S((S(SS((S((S(SSSS((S((((S(SS((S((S(SSSS(S((S(SS((S((S(SSSS(S((S(SS((S((S(SSSS((((((S(SS((S((S(SSSS(S((S(SS((S((S(SSSS(S((S(SS((S((S(SSSS(S((((S(SS((S((S(SSSS(S((S(SS((S((S(SSSS(S((S(SS((S((S(SSSS(S((((S(SS((S((S(SSSS(S((S(SS((S((S(SSSS(S((S(SS((S((S(SSSS((S((S(SS((S((S(SSSS((((S(SS((S((S(SSSS(S((S(SS((S((S(SSSS(S((S(SS((S((S(SSSS((((((S(SS((S((S(SSSS(S((S(SS((S((S(SSSS(S((S(SS((S((S(SSSS(((S((S(SSSS((((S(SS((S((S(SSSS(S((S(SS((S((S(SSSS(S((S(SS((S((S(SSSS((S((S(SS((S((S(SSSS((((S(SS((S((S(SSSS(S((S(SS((S((S(SSSS(S((S(SS((S((S(SSSS
(((((SS(SSSSS 5 ((((SS((SSSSS (((SS(((SSSSS ((SS((((SSSSS ((SS(((SS(SSS ((SS((SS((SSS
(((((S(SSSSSS 30 (((((SSS(SSSS ((((S(SS(S(SSSS ((((SSS((S(SSSS (((S((S(SSS(S((S(SSSS ((((S(SSSS((S((S(SSSS ((((SSS(SS((S((S(SSSS (((S(SS(S(SS((S((S(SSSS (((SS((S((S(SSSS((S(SS((S((S(SSSS ((S((S(SS((S((S(SSSS(((S((S(SSSS((S(SS((S((S(SSSS ((S((S(SS((S((S(SSSS((((S(SSS((S(SS((S((S(SSSS(S((S(SS((S((S(SSSS ((S((S(SS((S((S(SSSS((((SS((S(SS((S((S(SSSS(S((S(SS((S((S(SSSS(S((S(SS((S((S(SSSS ((S((S(SS((S((S(SSSS(((S(S((S(SS((S((S(SSSS(((S(SS((S((S(SSSS(S((S(SS((S((S(SSSS(S((S(SS((S((S(SSSS ((S((S(SS((S((S(SSSS(((S((S(SS((S((S(SSSS(S((S(SS((S((S(SSSS((((S(SS((S((S(SSSS(S((S(SS((S((S(SSSS(S((S(SS((S((S(SSSS ((S((S(SS((S((S(SSSS((((S(SS((S((S(SSSS((((S(SS((S((S(SSSS(S((S(SS((S((S(SSSS(S((S(SS((S((S(SSSS((S((S(SS((S((S(SSSS((((S(SS((S((S(SSSS(S((S(SS((S((S(SSSS(S((S(SS((S((S(SSSS ((S((S(SS((S((S(SSSS((((SS((((S(SS((S((S(SSSS(S((S(SS((S((S(SSSS(S((S(SS((S((S(SSSS(((S((S(SSSS((((S(SS((S((S(SSSS(S((S(SS((S((S(SSSS(S((S(SS((S((S(SSSS((S((S(SS((S((S(SSSS((((S(SS((S((S(SSSS(S((S(SS((S((S(SSSS(S((S(SS((S((S(SSSS ((S((S(SS((S((S(SSSS(((S(((S((S(SSSS((((S(SS((S((S(SSSS(S((S(SS((S((S(SSSS(S((S(SS((S((S(SSSS(((((S(SS((S((S(SSSS(S((S(SS((S((S(SSSS(S((S(SS((S((S(SSSS(((S((S(SSSS((((S(SS((S((S(SSSS(S((S(SS((S((S(SSSS(S((S(SS((S((S(SSSS((S((S(SS((S((S(SSSS((((S(SS((S((S(SSSS(S((S(SS((S((S(SSSS(S((S(SS((S((S(SSSS ((S((S(SS((S((S(SSSS(((((S((S(SSSS((((S(SS((S((S(SSSS(S((S(SS((S((S(SSSS(S((S(SS((S((S(SSSS((S((S(SS((S((S(SSSS((((S(SS((S((S(SSSS(S((S(SS((S((S(SSSS(S((S(SS((S((S(SSSS((((((S(SS((S((S(SSSS(S((S(SS((S((S(SSSS(S((S(SS((S((S(SSSS(((S((S(SSSS((((S(SS((S((S(SSSS(S((S(SS((S((S(SSSS(S((S(SS((S((S(SSSS((S((S(SS((S((S(SSSS((((S(SS((S((S(SSSS(S((S(SS((S((S(SSSS(S((S(SS((S((S(SSSS ((S((S(SS((S((S(SSSS((((((S(SSS((((S(SS((S((S(SSSS(S((S(SS((S((S(SSSS(S((S(SS((S((S(SSSS(S((((S(SS((S((S(SSSS(S((S(SS((S((S(SSSS(S((S(SS((S((S(SSSS((S((S(SS((S((S(SSSS((((S(SS((S((S(SSSS(S((S(SS((S((S(SSSS(S((S(SS((S((S(SSSS((((((S(SS((S((S(SSSS(S((S(SS((S((S(SSSS(S((S(SS((S((S(SSSS(((S((S(SSSS((((S(SS((S((S(SSSS(S((S(SS((S((S(SSSS(S((S(SS((S((S(SSSS((S((S(SS((S((S(SSSS((((S(SS((S((S(SSSS(S((S(SS((S((S(SSSS(S((S(SS((S((S(SSSS ((S((S(SS((S((S(SSSS((((((SS((((S(SS((S((S(SSSS(S((S(SS((S((S(SSSS(S((S(SS((S((S(SSSS(S((((S(SS((S((S(SSSS(S((S(SS((S((S(SSSS(S((S(SS((S((S(SSSS(S((((S(SS((S((S(SSSS(S((S(SS((S((S(SSSS(S((S(SS((S((S(SSSS((S((S(SS((S((S(SSSS((((S(SS((S((S(SSSS(S((S(SS((S((S(SSSS(S((S(SS((S((S(SSSS((((((S(SS((S((S(SSSS(S((S(SS((S((S(SSSS(S((S(SS((S((S(SSSS(((S((S(SSSS((((S(SS((S((S(SSSS(S((S(SS((S((S(SSSS(S((S(SS((S((S(SSSS((S((S(SS((S((S(SSSS((((S(SS((S((S(SSSS(S((S(SS((S((S(SSSS(S((S(SS((S((S(SSSS ((S((S(SS((S((S(SSSS(((((S(S((((S(SS((S((S(SSSS(S((S(SS((S((S(SSSS(S((S(SS((S((S(SSSS(((((S(SS((S((S(SSSS(S((S(SS((S((S(SSSS(S((S(SS((S((S(SSSS(S((((S(SS((S((S(SSSS(S((S(SS((S((S(SSSS(S((S(SS((S((S(SSSS(S((((S(SS((S((S(SSSS(S((S(SS((S((S(SSSS(S((S(SS((S((S(SSSS((S((S(SS((S((S(SSSS((((S(SS((S((S(SSSS(S((S(SS((S((S(SSSS(S((S(SS((S((S(SSSS((((((S(SS((S((S(SSSS(S((S(SS((S((S(SSSS(S((S(SS((S((S(SSSS(((S((S(SSSS((((S(SS((S((S(SSSS(S((S(SS((S((S(SSSS(S((S(SS((S((S(SSSS((S((S(SS((S((S(SSSS((((S(SS((S((S(SSSS(S((S(SS((S((S(SSSS(S((S(SS((S((S(SSSS ((S((S(SS((S((S(SSSS(((((S((((S(SS((S((S(SSSS(S((S(SS((S((S(SSSS(S((S(SS((S((S(SSSS(S((((S(SS((S((S(SSSS(S((S(SS((S((S(SSSS(S((S(SS((S((S(SSSS((((((S(SS((S((S(SSSS(S((S(SS((S((S(SSSS(S((S(SS((S((S(SSSS(S((((S(SS((S((S(SSSS(S((S(SS((S((S(SSSS(S((S(SS((S((S(SSSS(S((((S(SS((S((S(SSSS(S((S(SS((S((S(SSSS(S((S(SS((S((S(SSSS((S((S(SS((S((S(SSSS((((S(SS((S((S(SSSS(S((S(SS((S((S(SSSS(S((S(SS((S((S(SSSS((((((S(SS((S((S(SSSS(S((S(SS((S((S(SSSS(S((S(SS((S((S(SSSS(((S((S(SSSS((((S(SS((S((S(SSSS(S((S(SS((S((S(SSSS(S((S(SS((S((S(SSSS((S((S(SS((S((S(SSSS((((S(SS((S((S(SSSS(S((S(SS((S((S(SSSS(S((S(SS((S((S(SSSS ((S((S(SS((S((S(SSSS((((((((S(SS((S((S(SSSS(S((S(SS((S((S(SSSS(S((S(SS((S((S(SSSS((((((S(SS((S((S(SSSS(S((S(SS((S((S(SSSS(S((S(SS((S((S(SSSS(S((((S(SS((S((S(SSSS(S((S(SS((S((S(SSSS(S((S(SS((S((S(SSSS(S((((S(SS((S((S(SSSS(S((S(SS((S((S(SSSS(S((S(SS((S((S(SSSS((S((((S(SS((S((S(SSSS(S((S(SS((S((S(SSSS(S((S(SS((S((S(SSSS((((((S(SS((S((S(SSSS(S((S(SS((S((S(SSSS(S((S(SS((S((S(SSSS(S((((S(SS((S((S(SSSS(S((S(SS((S((S(SSSS(S((S(SS((S((S(SSSS(S((((S(SS((S((S(SSSS(S((S(SS((S((S(SSSS(S((S(SS((S((S(SSSS((S((S(SS((S((S(SSSS((((S(SS((S((S(SSSS(S((S(SS((S((S(SSSS(S((S(SS((S((S(SSSS((((((S(SS((S((S(SSSS(S((S(SS((S((S(SSSS(S((S(SS((S((S(SSSS(((S((S(SSSS((((S(SS((S((S(SSSS(S((S(SS((S((S(SSSS(S((S(SS((S((S(SSSS((S((S(SS((S((S(SSSS((((S(SS((S((S(SSSS(S((S(SS((S((S(SSSS(S((S(SS((S((S(SSSS ((S((S(SS((S((S(SSSS((((((((SS(S((S(SS((S((S(SSSS(((S((S(SSSS(S((S(SS((S((S(SSSS(S((S(SS((S((S(SSSS((((((S(SS((S((S(SSSS(S((S(SS((S((S(SSSS(S((S(SS((S((S(SSSS(S((((S(SS((S((S(SSSS(S((S(SS((S((S(SSSS(S((S(SS((S((S(SSSS(S((((S(SS((S((S(SSSS(S((S(SS((S((S(SSSS(S((S(SS((S((S(SSSS((S((((S(SS((S((S(SSSS(S((S(SS((S((S(SSSS(S((S(SS((S((S(SSSS((((((S(SS((S((S(SSSS(S((S(SS((S((S(SSSS(S((S(SS((S((S(SSSS(S((((S(SS((S((S(SSSS(S((S(SS((S((S(SSSS(S((S(SS((S((S(SSSS(S((((S(SS((S((S(SSSS(S((S(SS((S((S(SSSS(S((S(SS((S((S(SSSS((S((S(SS((S((S(SSSS((((S(SS((S((S(SSSS(S((S(SS((S((S(SSSS(S((S(SS((S((S(SSSS((((((S(SS((S((S(SSSS(S((S(SS((S((S(SSSS(S((S(SS((S((S(SSSS(((S((S(SSSS((((S(SS((S((S(SSSS(S((S(SS((S((S(SSSS(S((S(SS((S((S(SSSS((S((S(SS((S((S(SSSS((((S(SS((S((S(SSSS(S((S(SS((S((S(SSSS(S((S(SS((S((S(SSSS ((S((S(SS((S((S(SSSS(((((((S(((S((S(SSSS(S((S(SS((S((S(SSSS((S((S(SS((S((S(SSSS(((S((S(SSSS(S((S(SS((S((S(SSSS(S((S(SS((S((S(SSSS((((((S(SS((S((S(SSSS(S((S(SS((S((S(SSSS(S((S(SS((S((S(SSSS(S((((S(SS((S((S(SSSS(S((S(SS((S((S(SSSS(S((S(SS((S((S(SSSS(S((((S(SS((S((S(SSSS(S((S(SS((S((S(SSSS(S((S(SS((S((S(SSSS((S((((S(SS((S((S(SSSS(S((S(SS((S((S(SSSS(S((S(SS((S((S(SSSS((((((S(SS((S((S(SSSS(S((S(SS((S((S(SSSS(S((S(SS((S((S(SSSS(S((((S(SS((S((S(SSSS(S((S(SS((S((S(SSSS(S((S(SS((S((S(SSSS(S((((S(SS((S((S(SSSS(S((S(SS((S((S(SSSS(S((S(SS((S((S(SSSS((S((S(SS((S((S(SSSS((((S(SS((S((S(SSSS(S((S(SS((S((S(SSSS(S((S(SS((S((S(SSSS((((((S(SS((S((S(SSSS(S((S(SS((S((S(SSSS(S((S(SS((S((S(SSSS(((S((S(SSSS((((S(SS((S((S(SSSS(S((S(SS((S((S(SSSS(S((S(SS((S((S(SSSS((S((S(SS((S((S(SSSS((((S(SS((S((S(SSSS(S((S(SS((S((S(SSSS(S((S(SS((S((S(SSSS ((S((S(SS((S((S(SSSS(((((((((S((S(SSSS(S((S(SS((S((S(SSSS(S((S(SS((S((S(SSSS(((S((S(SS((S((S(SSSS(((S((S(SSSS(S((S(SS((S((S(SSSS(S((S(SS((S((S(SSSS((((((S(SS((S((S(SSSS(S((S(SS((S((S(SSSS(S((S(SS((S((S(SSSS(S((((S(SS((S((S(SSSS(S((S(SS((S((S(SSSS(S((S(SS((S((S(SSSS(S((((S(SS((S((S(SSSS(S((S(SS((S((S(SSSS(S((S(SS((S((S(SSSS((S((((S(SS((S((S(SSSS(S((S(SS((S((S(SSSS(S((S(SS((S((S(SSSS((((((S(SS((S((S(SSSS(S((S(SS((S((S(SSSS(S((S(SS((S((S(SSSS(S((((S(SS((S((S(SSSS(S((S(SS((S((S(SSSS(S((S(SS((S((S(SSSS(S((((S(SS((S((S(SSSS(S((S(SS((S((S(SSSS(S((S(SS((S((S(SSSS((S((S(SS((S((S(SSSS((((S(SS((S((S(SSSS(S((S(SS((S((S(SSSS(S((S(SS((S((S(SSSS((((((S(SS((S((S(SSSS(S((S(SS((S((S(SSSS(S((S(SS((S((S(SSSS(((S((S(SSSS((((S(SS((S((S(SSSS(S((S(SS((S((S(SSSS(S((S(SS((S((S(SSSS((S((S(SS((S((S(SSSS((((S(SS((S((S(SSSS(S((S(SS((S((S(SSSS(S((S(SS((S((S(SSSS ((S((S(SS((S((S(SSSS((((((((((S(SSS(S((S(SS((S((S(SSSS(S(S((S(SS((S((S(SSSS(S((S(SS((S((S(SSSS(((S((S(SS((S((S(SSSS(((S((S(SSSS(S((S(SS((S((S(SSSS(S((S(SS((S((S(SSSS((((((S(SS((S((S(SSSS(S((S(SS((S((S(SSSS(S((S(SS((S((S(SSSS(S((((S(SS((S((S(SSSS(S((S(SS((S((S(SSSS(S((S(SS((S((S(SSSS(S((((S(SS((S((S(SSSS(S((S(SS((S((S(SSSS(S((S(SS((S((S(SSSS((S((((S(SS((S((S(SSSS(S((S(SS((S((S(SSSS(S((S(SS((S((S(SSSS((((((S(SS((S((S(SSSS(S((S(SS((S((S(SSSS(S((S(SS((S((S(SSSS(S((((S(SS((S((S(SSSS(S((S(SS((S((S(SSSS(S((S(SS((S((S(SSSS(S((((S(SS((S((S(SSSS(S((S(SS((S((S(SSSS(S((S(SS((S((S(SSSS((S((S(SS((S((S(SSSS((((S(SS((S((S(SSSS(S((S(SS((S((S(SSSS(S((S(SS((S((S(SSSS((((((S(SS((S((S(SSSS(S((S(SS((S((S(SSSS(S((S(SS((S((S(SSSS(((S((S(SSSS((((S(SS((S((S(SSSS(S((S(SS((S((S(SSSS(S((S(SS((S((S(SSSS((S((S(SS((S((S(SSSS((((S(SS((S((S(SSSS(S((S(SS((S((S(SSSS(S((S(SS((S((S(SSSS ((S((S(SS((S((S(SSSS((((((((((SS(S((S(SS((S((S(SSSS(S(S((S(SS((S((S(SSSS(S(S((S(SS((S((S(SSSS(S((S(SS((S((S(SSSS(((S((S(SS((S((S(SSSS(((S((S(SSSS(S((S(SS((S((S(SSSS(S((S(SS((S((S(SSSS((((((S(SS((S((S(SSSS(S((S(SS((S((S(SSSS(S((S(SS((S((S(SSSS(S((((S(SS((S((S(SSSS(S((S(SS((S((S(SSSS(S((S(SS((S((S(SSSS(S((((S(SS((S((S(SSSS(S((S(SS((S((S(SSSS(S((S(SS((S((S(SSSS((S((((S(SS((S((S(SSSS(S((S(SS((S((S(SSSS(S((S(SS((S((S(SSSS((((((S(SS((S((S(SSSS(S((S(SS((S((S(SSSS(S((S(SS((S((S(SSSS(S((((S(SS((S((S(SSSS(S((S(SS((S((S(SSSS(S((S(SS((S((S(SSSS(S((((S(SS((S((S(SSSS(S((S(SS((S((S(SSSS(S((S(SS((S((S(SSSS((S((S(SS((S((S(SSSS((((S(SS((S((S(SSSS(S((S(SS((S((S(SSSS(S((S(SS((S((S(SSSS((((((S(SS((S((S(SSSS(S((S(SS((S((S(SSSS(S((S(SS((S((S(SSSS(((S((S(SSSS((((S(SS((S((S(SSSS(S((S(SS((S((S(SSSS(S((S(SS((S((S(SSSS((S((S(SS((S((S(SSSS((((S(SS((S((S(SSSS(S((S(SS((S((S(SSSS(S((S(SS((S((S(SSSS ((S((S(SS((S((S(SSSS(((((((((S(S(S((S(SS((S((S(SSSS((S((S(SS((S((S(SSSS(S(S((S(SS((S((S(SSSS(S(S((S(SS((S((S(SSSS(S((S(SS((S((S(SSSS(((S((S(SS((S((S(SSSS(((S((S(SSSS(S((S(SS((S((S(SSSS(S((S(SS((S((S(SSSS((((((S(SS((S((S(SSSS(S((S(SS((S((S(SSSS(S((S(SS((S((S(SSSS(S((((S(SS((S((S(SSSS(S((S(SS((S((S(SSSS(S((S(SS((S((S(SSSS(S((((S(SS((S((S(SSSS(S((S(SS((S((S(SSSS(S((S(SS((S((S(SSSS((S((((S(SS((S((S(SSSS(S((S(SS((S((S(SSSS(S((S(SS((S((S(SSSS((((((S(SS((S((S(SSSS(S((S(SS((S((S(SSSS(S((S(SS((S((S(SSSS(S((((S(SS((S((S(SSSS(S((S(SS((S((S(SSSS(S((S(SS((S((S(SSSS(S((((S(SS((S((S(SSSS(S((S(SS((S((S(SSSS(S((S(SS((S((S(SSSS((S((S(SS((S((S(SSSS((((S(SS((S((S(SSSS(S((S(SS((S((S(SSSS(S((S(SS((S((S(SSSS((((((S(SS((S((S(SSSS(S((S(SS((S((S(SSSS(S((S(SS((S((S(SSSS(((S((S(SSSS((((S(SS((S((S(SSSS(S((S(SS((S((S(SSSS(S((S(SS((S((S(SSSS((S((S(SS((S((S(SSSS((((S(SS((S((S(SSSS(S((S(SS((S((S(SSSS(S((S(SS((S((S(SSSS ((S((S(SS((S((S(SSSS(((((((((S(S((S(SS((S((S(SSSS(S(S((S(SS((S((S(SSSS(((S((S(SS((S((S(SSSS(S(S((S(SS((S((S(SSSS(S(S((S(SS((S((S(SSSS(S((S(SS((S((S(SSSS(((S((S(SS((S((S(SSSS(((S((S(SSSS(S((S(SS((S((S(SSSS(S((S(SS((S((S(SSSS((((((S(SS((S((S(SSSS(S((S(SS((S((S(SSSS(S((S(SS((S((S(SSSS(S((((S(SS((S((S(SSSS(S((S(SS((S((S(SSSS(S((S(SS((S((S(SSSS(S((((S(SS((S((S(SSSS(S((S(SS((S((S(SSSS(S((S(SS((S((S(SSSS((S((((S(SS((S((S(SSSS(S((S(SS((S((S(SSSS(S((S(SS((S((S(SSSS((((((S(SS((S((S(SSSS(S((S(SS((S((S(SSSS(S((S(SS((S((S(SSSS(S((((S(SS((S((S(SSSS(S((S(SS((S((S(SSSS(S((S(SS((S((S(SSSS(S((((S(SS((S((S(SSSS(S((S(SS((S((S(SSSS(S((S(SS((S((S(SSSS((S((S(SS((S((S(SSSS((((S(SS((S((S(SSSS(S((S(SS((S((S(SSSS(S((S(SS((S((S(SSSS((((((S(SS((S((S(SSSS(S((S(SS((S((S(SSSS(S((S(SS((S((S(SSSS(((S((S(SSSS((((S(SS((S((S(SSSS(S((S(SS((S((S(SSSS(S((S(SS((S((S(SSSS((S((S(SS((S((S(SSSS((((S(SS((S((S(SSSS(S((S(SS((S((S(SSSS(S((S(SS((S((S(SSSS ((S((S(SS((S((S(SSSS(((((((((S((S(SS((S((S(SSSS(((S((S(SS((S((S(SSSS(S(S((S(SS((S((S(SSSS(S(S((S(SS((S((S(SSSS((S(S((S(SS((S((S(SSSS(((S((S(SS((S((S(SSSS(S(S((S(SS((S((S(SSSS(S(S((S(SS((S((S(SSSS(S((S(SS((S((S(SSSS(((S((S(SS((S((S(SSSS(((S((S(SSSS(S((S(SS((S((S(SSSS(S((S(SS((S((S(SSSS((((((S(SS((S((S(SSSS(S((S(SS((S((S(SSSS(S((S(SS((S((S(SSSS(S((((S(SS((S((S(SSSS(S((S(SS((S((S(SSSS(S((S(SS((S((S(SSSS(S((((S(SS((S((S(SSSS(S((S(SS((S((S(SSSS(S((S(SS((S((S(SSSS((S((((S(SS((S((S(SSSS(S((S(SS((S((S(SSSS(S((S(SS((S((S(SSSS((((((S(SS((S((S(SSSS(S((S(SS((S((S(SSSS(S((S(SS((S((S(SSSS(S((((S(SS((S((S(SSSS(S((S(SS((S((S(SSSS(S((S(SS((S((S(SSSS(S((((S(SS((S((S(SSSS(S((S(SS((S((S(SSSS(S((S(SS((S((S(SSSS((S((S(SS((S((S(SSSS((((S(SS((S((S(SSSS(S((S(SS((S((S(SSSS(S((S(SS((S((S(SSSS((((((S(SS((S((S(SSSS(S((S(SS((S((S(SSSS(S((S(SS((S((S(SSSS(((S((S(SSSS((((S(SS((S((S(SSSS(S((S(SS((S((S(SSSS(S((S(SS((S((S(SSSS((S((S(SS((S((S(SSSS((((S(SS((S((S(SSSS(S((S(SS((S((S(SSSS(S((S(SS((S((S(SSSS
((((((SSSSSSS 6 (((((SS(SSSSS ((((SS((SSSSS (((SS(((SSSSS ((SS((((SSSSS ((SS(((SS(SSS ((SS((SS((SSS
deviant/total: 51/132
